<?xml version="1.0" encoding="UTF-8"?>
<!-- Generated by org.testng.reporters.JUnitXMLReporter -->
<testsuite ignored="0" hostname="DESKTOP-SS8UIC9" failures="1" tests="3" name="Test search in Chrome" time="130.074" errors="0" timestamp="2024-03-27T12:57:58 IST">
  <testcase classname="testScenario.PetProducts" name="verifyTitle" time="0.18">
    <failure type="java.lang.AssertionError" message="expected [Best Online Pet  | Buy Pet Supplies at Best Prices - Zigly] but found [Best Online Pet Store | Buy Pet Supplies at Best Prices - Zigly]">
      <![CDATA[java.lang.AssertionError: expected [Best Online Pet  | Buy Pet Supplies at Best Prices - Zigly] but found [Best Online Pet Store | Buy Pet Supplies at Best Prices - Zigly]
at testScenario.PetProducts.verifyTitle(PetProducts.java:71)
at java.base/java.util.ArrayList.forEach(ArrayList.java:1511)
... Removed 33 stack frames]]>
    </failure>
  </testcase> <!-- verifyTitle -->
  <testcase classname="testScenario.PetProducts" name="verifyLogo" time="1.343"/>
  <testcase classname="testScenario.PetProducts" name="searchScenario" time="67.41"/>
</testsuite> <!-- Test search in Chrome -->
