<?xml version="1.0" encoding="UTF-8"?>
<!-- Generated by org.testng.reporters.JUnitXMLReporter -->
<testsuite ignored="4" hostname="LTIN509708" failures="0" tests="11" name="Test Search in Chrome" time="196.775" errors="0" timestamp="2024-04-22T18:16:01 IST">
  <testcase classname="testScenario.TestCaseTravel" name="clickTravelInsurance" time="17.02"/>
  <testcase classname="testScenario.TestCaseTravel" name="clickStartDate" time="19.607"/>
  <testcase classname="testScenario.TestCaseTravel" name="selectAges" time="19.836"/>
  <testcase classname="testScenario.TestCaseTravel" name="enterContactDetais" time="9.859"/>
  <testcase classname="testScenario.TestCaseTravel" name="enterStudentPlans" time="12.661"/>
  <testcase classname="testScenario.TestCaseTravel" name="selectSorts" time="7.3"/>
  <testcase classname="testScenario.TestCaseTravel" name="insurerNameAndPlanPrice" time="4.619"/>
  <testcase classname="testScenario.TestCaseCar" name="sel_NewCar_forInsurance" time="17.363"/>
  <testcase classname="testScenario.TestCaseCar" name="sendData" time="0.212"/>
  <testcase classname="testScenario.TestCaseCar" name="email_Capture_ErrorMessage" time="61.866"/>
  <testcase classname="testScenario.TestCaseHealth" name="healthInsuranceMenuItems" time="4.581"/>
  <testcase classname="userDefinedLibraries.DriverSetup" name="@AfterTest driverTearDown" time="0.0">
    <ignored/>
  </testcase> <!-- @AfterTest driverTearDown -->
  <testcase classname="userDefinedLibraries.DriverSetup" name="@BeforeTest driverInstantiate" time="0.0">
    <ignored/>
  </testcase> <!-- @BeforeTest driverInstantiate -->
  <testcase classname="userDefinedLibraries.DriverSetup" name="@BeforeTest driverInstantiate" time="0.0">
    <ignored/>
  </testcase> <!-- @BeforeTest driverInstantiate -->
  <testcase classname="userDefinedLibraries.DriverSetup" name="@AfterTest driverTearDown" time="0.0">
    <ignored/>
  </testcase> <!-- @AfterTest driverTearDown -->
</testsuite> <!-- Test Search in Chrome -->
