<?xml version="1.0" encoding="UTF-8"?>
<!-- Generated by org.testng.reporters.JUnitXMLReporter -->
<testsuite ignored="0" hostname="DESKTOP-SS8UIC9" failures="1" tests="3" name="Test search in Chrome" time="80.217" errors="0" timestamp="2024-03-24T13:33:58 IST">
  <testcase classname="testScenario.PetProducts" name="verifyTitle" time="0.119">
    <failure type="java.lang.AssertionError" message="expected [Best Online Pet  | Buy Pet Supplies at Best Prices - Zigly] but found [Best Online Pet Store | Buy Pet Supplies at Best Prices - Zigly]">
      <![CDATA[java.lang.AssertionError: expected [Best Online Pet  | Buy Pet Supplies at Best Prices - Zigly] but found [Best Online Pet Store | Buy Pet Supplies at Best Prices - Zigly]
at testScenario.PetProducts.verifyTitle(PetProducts.java:73)
at java.base/java.util.ArrayList.forEach(ArrayList.java:1511)
... Removed 37 stack frames]]>
    </failure>
  </testcase> <!-- verifyTitle -->
  <testcase classname="testScenario.PetProducts" name="verifyLogo" time="0.185"/>
  <testcase classname="testScenario.PetProducts" name="searchScenario" time="44.071"/>
</testsuite> <!-- Test search in Chrome -->
