<?xml version="1.0" encoding="UTF-8"?>
<testng-results ignored="0" total="2" passed="2" failed="0" skipped="0">
  <reporter-output>
  </reporter-output>
  <suite started-at="2024-03-27T17:22:19 IST" name="Suite" finished-at="2024-03-27T17:23:30 IST" duration-ms="70426">
    <groups>
    </groups>
    <test started-at="2024-03-27T17:22:19 IST" name="Test search in Chrome" finished-at="2024-03-27T17:22:43 IST" duration-ms="23662">
      <class name="testScenario.Acronym_App_Validation_Main">
        <test-method is-config="true" signature="driverconfig(java.lang.String)[pri:0, instance:testScenario.Acronym_App_Validation_Main@173ed316]" started-at="2024-03-27T17:22:19 IST" name="driverconfig" finished-at="2024-03-27T17:22:39 IST" duration-ms="19704" status="PASS">
          <params>
            <param index="0">
              <value>
                <![CDATA[chrome]]>
              </value>
            </param>
          </params>
          <reporter-output>
          </reporter-output>
        </test-method> <!-- driverconfig -->
        <test-method signature="verifyTitle()[pri:0, instance:testScenario.Acronym_App_Validation_Main@173ed316]" started-at="2024-03-27T17:22:39 IST" name="verifyTitle" finished-at="2024-03-27T17:22:39 IST" duration-ms="22" status="PASS">
          <reporter-output>
          </reporter-output>
        </test-method> <!-- verifyTitle -->
        <test-method is-config="true" signature="closeBrow()[pri:0, instance:testScenario.Acronym_App_Validation_Main@173ed316]" started-at="2024-03-27T17:22:39 IST" name="closeBrow" finished-at="2024-03-27T17:22:43 IST" duration-ms="3876" status="PASS">
          <reporter-output>
          </reporter-output>
        </test-method> <!-- closeBrow -->
      </class> <!-- testScenario.Acronym_App_Validation_Main -->
    </test> <!-- Test search in Chrome -->
    <test started-at="2024-03-27T17:22:43 IST" name="Test search in Edge" finished-at="2024-03-27T17:23:30 IST" duration-ms="46739">
      <class name="testScenario.Acronym_App_Validation_Main">
        <test-method is-config="true" signature="driverconfig(java.lang.String)[pri:0, instance:testScenario.Acronym_App_Validation_Main@68c9133c]" started-at="2024-03-27T17:22:43 IST" name="driverconfig" finished-at="2024-03-27T17:23:23 IST" duration-ms="39825" status="PASS">
          <params>
            <param index="0">
              <value>
                <![CDATA[edge]]>
              </value>
            </param>
          </params>
          <reporter-output>
          </reporter-output>
        </test-method> <!-- driverconfig -->
        <test-method signature="verifyTitle()[pri:0, instance:testScenario.Acronym_App_Validation_Main@68c9133c]" started-at="2024-03-27T17:23:23 IST" name="verifyTitle" finished-at="2024-03-27T17:23:23 IST" duration-ms="14" status="PASS">
          <reporter-output>
          </reporter-output>
        </test-method> <!-- verifyTitle -->
        <test-method is-config="true" signature="closeBrow()[pri:0, instance:testScenario.Acronym_App_Validation_Main@68c9133c]" started-at="2024-03-27T17:23:23 IST" name="closeBrow" finished-at="2024-03-27T17:23:30 IST" duration-ms="6890" status="PASS">
          <reporter-output>
          </reporter-output>
        </test-method> <!-- closeBrow -->
      </class> <!-- testScenario.Acronym_App_Validation_Main -->
    </test> <!-- Test search in Edge -->
  </suite> <!-- Suite -->
</testng-results>
