<?xml version="1.0" encoding="UTF-8"?>
<testng-results ignored="0" total="5" passed="5" failed="0" skipped="0">
  <reporter-output>
  </reporter-output>
  <suite started-at="2024-04-22T18:51:20 IST" name="Default suite" finished-at="2024-04-22T18:55:04 IST" duration-ms="224198">
    <groups>
      <group name="cucumber">
        <method signature="AbstractTestNGCucumberTests.runScenario(io.cucumber.testng.PickleWrapper,io.cucumber.testng.FeatureWrapper)[pri:0, instance:testRunner.TravelTestRunner@6e535154]" name="runScenario" class="io.cucumber.testng.AbstractTestNGCucumberTests"/>
      </group> <!-- cucumber -->
    </groups>
    <test started-at="2024-04-22T18:51:20 IST" name="Default test" finished-at="2024-04-22T18:55:04 IST" duration-ms="224198">
      <class name="testRunner.TravelTestRunner">
        <test-method is-config="true" signature="setUpClass(org.testng.ITestContext)[pri:0, instance:testRunner.TravelTestRunner@6e535154]" started-at="2024-04-22T18:51:20 IST" name="setUpClass" finished-at="2024-04-22T18:51:27 IST" duration-ms="7129" status="PASS">
          <params>
            <param index="0">
              <value>
                <![CDATA[org.testng.TestRunner@364c93e6]]>
              </value>
            </param>
          </params>
          <reporter-output>
          </reporter-output>
        </test-method> <!-- setUpClass -->
        <test-method signature="runScenario(io.cucumber.testng.PickleWrapper,io.cucumber.testng.FeatureWrapper)[pri:0, instance:testRunner.TravelTestRunner@6e535154]" started-at="2024-04-22T18:51:27 IST" name="runScenario" description="Runs Cucumber Scenarios" data-provider="scenarios" finished-at="2024-04-22T18:52:32 IST" duration-ms="65510" status="PASS">
          <params>
            <param index="0">
              <value>
                <![CDATA["Go to the Travel Insurance plan for Students page."]]>
              </value>
            </param>
            <param index="1">
              <value>
                <![CDATA["Travel Insurance Plan for Students"]]>
              </value>
            </param>
          </params>
          <reporter-output>
          </reporter-output>
        </test-method> <!-- runScenario -->
        <test-method signature="runScenario(io.cucumber.testng.PickleWrapper,io.cucumber.testng.FeatureWrapper)[pri:0, instance:testRunner.TravelTestRunner@6e535154]" started-at="2024-04-22T18:52:32 IST" name="runScenario" description="Runs Cucumber Scenarios" data-provider="scenarios" finished-at="2024-04-22T18:52:53 IST" duration-ms="20339" status="PASS">
          <params>
            <param index="0">
              <value>
                <![CDATA["Displaying three lowest travel insurance plan for students."]]>
              </value>
            </param>
            <param index="1">
              <value>
                <![CDATA["Travel Insurance Plan for Students"]]>
              </value>
            </param>
          </params>
          <reporter-output>
          </reporter-output>
        </test-method> <!-- runScenario -->
        <test-method signature="runScenario(io.cucumber.testng.PickleWrapper,io.cucumber.testng.FeatureWrapper)[pri:0, instance:testRunner.TravelTestRunner@6e535154]" started-at="2024-04-22T18:52:53 IST" name="runScenario" description="Runs Cucumber Scenarios" data-provider="scenarios" finished-at="2024-04-22T18:53:10 IST" duration-ms="17412" status="PASS">
          <params>
            <param index="0">
              <value>
                <![CDATA["Go to Car Insurance option and fill details"]]>
              </value>
            </param>
            <param index="1">
              <value>
                <![CDATA["Car Insurance."]]>
              </value>
            </param>
          </params>
          <reporter-output>
          </reporter-output>
        </test-method> <!-- runScenario -->
        <test-method signature="runScenario(io.cucumber.testng.PickleWrapper,io.cucumber.testng.FeatureWrapper)[pri:0, instance:testRunner.TravelTestRunner@6e535154]" started-at="2024-04-22T18:53:10 IST" name="runScenario" description="Runs Cucumber Scenarios" data-provider="scenarios" finished-at="2024-04-22T18:54:52 IST" duration-ms="101542" status="PASS">
          <params>
            <param index="0">
              <value>
                <![CDATA["Capturing error message"]]>
              </value>
            </param>
            <param index="1">
              <value>
                <![CDATA["Car Insurance."]]>
              </value>
            </param>
          </params>
          <reporter-output>
          </reporter-output>
        </test-method> <!-- runScenario -->
        <test-method signature="runScenario(io.cucumber.testng.PickleWrapper,io.cucumber.testng.FeatureWrapper)[pri:0, instance:testRunner.TravelTestRunner@6e535154]" started-at="2024-04-22T18:54:52 IST" name="runScenario" description="Runs Cucumber Scenarios" data-provider="scenarios" finished-at="2024-04-22T18:54:55 IST" duration-ms="3170" status="PASS">
          <params>
            <param index="0">
              <value>
                <![CDATA["Health Insurance"]]>
              </value>
            </param>
            <param index="1">
              <value>
                <![CDATA["Health Insurance Application"]]>
              </value>
            </param>
          </params>
          <reporter-output>
          </reporter-output>
        </test-method> <!-- runScenario -->
        <test-method is-config="true" signature="tearDownClass()[pri:0, instance:testRunner.TravelTestRunner@6e535154]" started-at="2024-04-22T18:54:55 IST" name="tearDownClass" finished-at="2024-04-22T18:55:04 IST" duration-ms="9031" status="PASS">
          <reporter-output>
          </reporter-output>
        </test-method> <!-- tearDownClass -->
      </class> <!-- testRunner.TravelTestRunner -->
    </test> <!-- Default test -->
  </suite> <!-- Default suite -->
</testng-results>
